Application Internal Error - E:\hbranch\bpastor\recrip\220302\adrbig.exe
Terminated at: 2022-03-08 11:17:00
Unrecoverable error 6005: Exception error:

    Exception Code:C0000005 ACCESS_VIOLATION
    Exception Address:00000000
    EAX:0169A508  EBX:0169A514  ECX:00000005  EDX:003E0000
    ESI:00000001  EDI:005F6BB7  EBP:00000001
    CS:EIP:001B:00000000  SS:ESP:0023:0022F93C
    DS:0023  ES:0023  FS:003B  GS:0000
    Flags:00010202
    Exception Parameters: 00000000 00000000
    CS:EIP:
    SS:ESP: 0051DAC8 0169A514 00000001 00000000 00511CAA 003E0204 0022FAB0 005806A0 0000001C 0000008D 00000000 00000000 0083AEBC 003F360C 0083AA70 016AA9B8

    C stack:
    EIP:     EBP:       Frame: OldEBP, RetAddr, Params...

Modules:
00400000 002D9000 E:\hbranch\bpastor\recrip\220302\adrbig.exe
773C0000 00142000 C:\Windows\SYSTEM32\ntdll.dll
76330000 000D5000 C:\Windows\system32\kernel32.dll
75600000 0004B000 C:\Windows\system32\KERNELBASE.dll
77550000 000A1000 C:\Windows\system32\ADVAPI32.dll
75CC0000 000AC000 C:\Windows\system32\msvcrt.dll
77520000 00019000 C:\Windows\SYSTEM32\sechost.dll
761E0000 000A2000 C:\Windows\system32\RPCRT4.dll
76410000 000C9000 C:\Windows\system32\USER32.dll
76290000 0004E000 C:\Windows\system32\GDI32.dll
76040000 0000A000 C:\Windows\system32\LPK.dll
75E50000 0009D000 C:\Windows\system32\USP10.dll
72450000 00032000 C:\Windows\system32\WINMM.DLL
756B0000 0001F000 C:\Windows\system32\IMM32.DLL
772F0000 000CC000 C:\Windows\system32\MSCTF.dll
6EA80000 00121000 C:\Program Files\GbPlugin\gbpinj.dll
76150000 0008F000 C:\Windows\system32\OLEAUT32.dll
77190000 0015C000 C:\Windows\system32\ole32.dll
74880000 00021000 C:\Windows\system32\ntmarta.dll
762E0000 00045000 C:\Windows\system32\WLDAP32.dll

Called from ORDCREATE(0)
Called from CRIADBF(1947) in adr_fun2.prg
Called from MAIN(545) in adrbig.prg
------------------------------------------------------------------------
